<?xml version="1.0" encoding="utf-8"?>
<test-run id="2" testcasecount="1" result="Passed" total="1" passed="1" failed="0" inconclusive="0" skipped="0" asserts="0" engine-version="3.5.0.0" clr-version="4.0.30319.42000" start-time="2022-12-28 04:08:25Z" end-time="2022-12-28 04:08:25Z" duration="0.0808179">
  <test-suite type="TestSuite" id="1008" name="Leap of Faith" fullname="Leap of Faith" runstate="Runnable" testcasecount="1" result="Passed" start-time="2022-12-28 04:08:25Z" end-time="2022-12-28 04:08:25Z" duration="0.080818" total="1" passed="1" failed="0" inconclusive="0" skipped="0" asserts="0">
    <properties />
    <test-suite type="Assembly" id="1011" name="EditMode.dll" fullname="D:/Perforce/Workspace Root/Leap of Faith/Library/ScriptAssemblies/EditMode.dll" runstate="Runnable" testcasecount="1" result="Passed" start-time="2022-12-28 04:08:25Z" end-time="2022-12-28 04:08:25Z" duration="0.037565" total="1" passed="1" failed="0" inconclusive="0" skipped="0" asserts="0">
      <properties>
        <property name="_PID" value="21944" />
        <property name="_APPDOMAIN" value="Unity Child Domain" />
        <property name="platform" value="EditMode" />
      </properties>
      <test-suite type="TestFixture" id="1009" name="RigidBodyPhysics" fullname="RigidBodyPhysics" classname="RigidBodyPhysics" runstate="Runnable" testcasecount="1" result="Passed" start-time="2022-12-28 04:08:25Z" end-time="2022-12-28 04:08:25Z" duration="0.035670" total="1" passed="1" failed="0" inconclusive="0" skipped="0" asserts="0">
        <properties />
        <test-case id="1010" name="StrengthTest" fullname="RigidBodyPhysics.StrengthTest" methodname="StrengthTest" classname="RigidBodyPhysics" runstate="Runnable" seed="1441329620" result="Passed" start-time="2022-12-28 04:08:25Z" end-time="2022-12-28 04:08:25Z" duration="0.019188" asserts="0">
          <properties />
        </test-case>
      </test-suite>
    </test-suite>
  </test-suite>
</test-run>